[2025-05-13 12:29:00Z INFO HostContext] No proxy settings were found based on environmental variables (http_proxy/https_proxy/HTTP_PROXY/HTTPS_PROXY)
[2025-05-13 12:29:00Z INFO HostContext] Well known directory 'Bin': 'C:\Users\hasee\OneDrive\Desktop\University\SCD\SCD_P\app\actions-runner\bin'
[2025-05-13 12:29:00Z INFO HostContext] Well known directory 'Root': 'C:\Users\hasee\OneDrive\Desktop\University\SCD\SCD_P\app\actions-runner'
[2025-05-13 12:29:00Z INFO HostContext] Well known config file 'Credentials': 'C:\Users\hasee\OneDrive\Desktop\University\SCD\SCD_P\app\actions-runner\.credentials'
[2025-05-13 12:29:00Z INFO HostContext] Well known directory 'Bin': 'C:\Users\hasee\OneDrive\Desktop\University\SCD\SCD_P\app\actions-runner\bin'
[2025-05-13 12:29:00Z INFO HostContext] Well known directory 'Root': 'C:\Users\hasee\OneDrive\Desktop\University\SCD\SCD_P\app\actions-runner'
[2025-05-13 12:29:00Z INFO HostContext] Well known config file 'Runner': 'C:\Users\hasee\OneDrive\Desktop\University\SCD\SCD_P\app\actions-runner\.runner'
[2025-05-13 12:29:00Z INFO Listener] Runner is built for Windows (X64) - win-x64.
[2025-05-13 12:29:00Z INFO Listener] RuntimeInformation: Microsoft Windows 10.0.26100.
[2025-05-13 12:29:00Z INFO Listener] Version: 2.323.0
[2025-05-13 12:29:00Z INFO Listener] Commit: d8b82f44a9ec0258904d5869ae683c31d5aac299
[2025-05-13 12:29:00Z INFO Listener] Culture: en-PK
[2025-05-13 12:29:00Z INFO Listener] UI Culture: en-GB
[2025-05-13 12:29:00Z INFO HostContext] Well known directory 'Bin': 'C:\Users\hasee\OneDrive\Desktop\University\SCD\SCD_P\app\actions-runner\bin'
[2025-05-13 12:29:00Z INFO HostContext] Well known directory 'Root': 'C:\Users\hasee\OneDrive\Desktop\University\SCD\SCD_P\app\actions-runner'
[2025-05-13 12:29:00Z INFO Listener] Validating directory permissions for: 'C:\Users\hasee\OneDrive\Desktop\University\SCD\SCD_P\app\actions-runner'
[2025-05-13 12:29:00Z INFO CommandLineParser] Parse
[2025-05-13 12:29:00Z INFO CommandLineParser] Parsing 1 args
[2025-05-13 12:29:00Z INFO CommandLineParser] parsing argument
[2025-05-13 12:29:00Z INFO CommandLineParser] HasArgs: False
[2025-05-13 12:29:00Z INFO CommandLineParser] Adding Command: run
[2025-05-13 12:29:00Z INFO Listener] Arguments parsed
[2025-05-13 12:29:00Z INFO Runner] ExecuteCommand
[2025-05-13 12:29:00Z INFO ConfigurationStore] currentAssemblyLocation: C:\Users\hasee\OneDrive\Desktop\University\SCD\SCD_P\app\actions-runner\bin\Runner.Listener.dll
[2025-05-13 12:29:00Z INFO HostContext] Well known directory 'Bin': 'C:\Users\hasee\OneDrive\Desktop\University\SCD\SCD_P\app\actions-runner\bin'
[2025-05-13 12:29:00Z INFO ConfigurationStore] binPath: C:\Users\hasee\OneDrive\Desktop\University\SCD\SCD_P\app\actions-runner\bin
[2025-05-13 12:29:00Z INFO HostContext] Well known directory 'Bin': 'C:\Users\hasee\OneDrive\Desktop\University\SCD\SCD_P\app\actions-runner\bin'
[2025-05-13 12:29:00Z INFO HostContext] Well known directory 'Root': 'C:\Users\hasee\OneDrive\Desktop\University\SCD\SCD_P\app\actions-runner'
[2025-05-13 12:29:00Z INFO ConfigurationStore] RootFolder: C:\Users\hasee\OneDrive\Desktop\University\SCD\SCD_P\app\actions-runner
[2025-05-13 12:29:00Z INFO HostContext] Well known directory 'Bin': 'C:\Users\hasee\OneDrive\Desktop\University\SCD\SCD_P\app\actions-runner\bin'
[2025-05-13 12:29:00Z INFO HostContext] Well known directory 'Root': 'C:\Users\hasee\OneDrive\Desktop\University\SCD\SCD_P\app\actions-runner'
[2025-05-13 12:29:00Z INFO HostContext] Well known config file 'Runner': 'C:\Users\hasee\OneDrive\Desktop\University\SCD\SCD_P\app\actions-runner\.runner'
[2025-05-13 12:29:00Z INFO ConfigurationStore] ConfigFilePath: C:\Users\hasee\OneDrive\Desktop\University\SCD\SCD_P\app\actions-runner\.runner
[2025-05-13 12:29:00Z INFO HostContext] Well known directory 'Bin': 'C:\Users\hasee\OneDrive\Desktop\University\SCD\SCD_P\app\actions-runner\bin'
[2025-05-13 12:29:00Z INFO HostContext] Well known directory 'Root': 'C:\Users\hasee\OneDrive\Desktop\University\SCD\SCD_P\app\actions-runner'
[2025-05-13 12:29:00Z INFO HostContext] Well known config file 'MigratedRunner': 'C:\Users\hasee\OneDrive\Desktop\University\SCD\SCD_P\app\actions-runner\.runner_migrated'
[2025-05-13 12:29:00Z INFO ConfigurationStore] MigratedConfigFilePath: C:\Users\hasee\OneDrive\Desktop\University\SCD\SCD_P\app\actions-runner\.runner_migrated
[2025-05-13 12:29:00Z INFO HostContext] Well known directory 'Bin': 'C:\Users\hasee\OneDrive\Desktop\University\SCD\SCD_P\app\actions-runner\bin'
[2025-05-13 12:29:00Z INFO HostContext] Well known directory 'Root': 'C:\Users\hasee\OneDrive\Desktop\University\SCD\SCD_P\app\actions-runner'
[2025-05-13 12:29:00Z INFO HostContext] Well known config file 'Credentials': 'C:\Users\hasee\OneDrive\Desktop\University\SCD\SCD_P\app\actions-runner\.credentials'
[2025-05-13 12:29:00Z INFO ConfigurationStore] CredFilePath: C:\Users\hasee\OneDrive\Desktop\University\SCD\SCD_P\app\actions-runner\.credentials
[2025-05-13 12:29:00Z INFO HostContext] Well known directory 'Bin': 'C:\Users\hasee\OneDrive\Desktop\University\SCD\SCD_P\app\actions-runner\bin'
[2025-05-13 12:29:00Z INFO HostContext] Well known directory 'Root': 'C:\Users\hasee\OneDrive\Desktop\University\SCD\SCD_P\app\actions-runner'
[2025-05-13 12:29:00Z INFO HostContext] Well known config file 'MigratedCredentials': 'C:\Users\hasee\OneDrive\Desktop\University\SCD\SCD_P\app\actions-runner\.credentials_migrated'
[2025-05-13 12:29:00Z INFO ConfigurationStore] MigratedCredFilePath: C:\Users\hasee\OneDrive\Desktop\University\SCD\SCD_P\app\actions-runner\.credentials_migrated
[2025-05-13 12:29:00Z INFO HostContext] Well known directory 'Bin': 'C:\Users\hasee\OneDrive\Desktop\University\SCD\SCD_P\app\actions-runner\bin'
[2025-05-13 12:29:00Z INFO HostContext] Well known directory 'Root': 'C:\Users\hasee\OneDrive\Desktop\University\SCD\SCD_P\app\actions-runner'
[2025-05-13 12:29:00Z INFO HostContext] Well known config file 'Service': 'C:\Users\hasee\OneDrive\Desktop\University\SCD\SCD_P\app\actions-runner\.service'
[2025-05-13 12:29:00Z INFO ConfigurationStore] ServiceConfigFilePath: C:\Users\hasee\OneDrive\Desktop\University\SCD\SCD_P\app\actions-runner\.service
[2025-05-13 12:29:00Z INFO CommandSettings] Flag 'help': 'False'
[2025-05-13 12:29:00Z INFO CommandSettings] Flag 'version': 'False'
[2025-05-13 12:29:00Z INFO CommandSettings] Flag 'commit': 'False'
[2025-05-13 12:29:00Z INFO CommandSettings] Flag 'check': 'False'
[2025-05-13 12:29:00Z INFO CommandSettings] Command 'configure': 'False'
[2025-05-13 12:29:00Z INFO CommandSettings] Command 'remove': 'False'
[2025-05-13 12:29:00Z INFO CommandSettings] Command 'warmup': 'False'
[2025-05-13 12:29:00Z INFO ConfigurationManager] LoadSettings
[2025-05-13 12:29:00Z INFO ConfigurationStore] IsConfigured()
[2025-05-13 12:29:00Z INFO ConfigurationStore] IsConfigured: True
[2025-05-13 12:29:00Z INFO ConfigurationManager] Is configured: True
[2025-05-13 12:29:00Z INFO ConfigurationStore] Read setting file: 320 chars
[2025-05-13 12:29:00Z INFO ConfigurationManager] Settings Loaded
[2025-05-13 12:29:00Z INFO ConfigurationStore] IsServiceConfigured()
[2025-05-13 12:29:00Z INFO ConfigurationStore] IsServiceConfigured: False
[2025-05-13 12:29:00Z INFO CommandSettings] Command 'run': 'True'
[2025-05-13 12:29:00Z INFO ConfigurationStore] IsConfigured()
[2025-05-13 12:29:00Z INFO ConfigurationStore] IsConfigured: True
[2025-05-13 12:29:00Z INFO ConfigurationManager] Is configured: True
[2025-05-13 12:29:00Z INFO Runner] Could not parse the argument value '' for StartupType. Defaulting to Manual
[2025-05-13 12:29:00Z INFO Runner] Set runner startup type - Manual
[2025-05-13 12:29:00Z INFO CommandSettings] Flag 'once': 'False'
[2025-05-13 12:29:00Z INFO CommandSettings] Flag 'once': 'False'
[2025-05-13 12:29:00Z INFO Runner] RunAsync
[2025-05-13 12:29:00Z INFO ConfigurationManager] LoadSettings
[2025-05-13 12:29:00Z INFO ConfigurationStore] IsConfigured()
[2025-05-13 12:29:00Z INFO ConfigurationStore] IsConfigured: True
[2025-05-13 12:29:00Z INFO ConfigurationManager] Is configured: True
[2025-05-13 12:29:00Z INFO ConfigurationManager] Settings Loaded
[2025-05-13 12:29:00Z INFO MessageListener] {
  "AgentId": 2,
  "AgentName": "HASEEB",
  "PoolId": 1,
  "PoolName": "Default",
  "ServerUrl": "https://pipelinesghubeus23.actions.githubusercontent.com/wvFvMMkkKqiEfVrT1HQaZTIOMU7vX7RBdl9IdT54N7cO33rBUL/",
  "GitHubUrl": "https://github.com/SardarHaseeb2510/SCD_Deployment_Project",
  "WorkFolder": "_work"
}
[2025-05-13 12:29:00Z INFO MessageListener] Loading Credentials
[2025-05-13 12:29:00Z INFO ConfigurationStore] HasCredentials()
[2025-05-13 12:29:00Z INFO ConfigurationStore] stored True
[2025-05-13 12:29:00Z INFO CredentialManager] GetCredentialProvider
[2025-05-13 12:29:00Z INFO CredentialManager] Creating type OAuth
[2025-05-13 12:29:00Z INFO CredentialManager] Creating credential type: OAuth
[2025-05-13 12:29:00Z INFO HostContext] Well known directory 'Bin': 'C:\Users\hasee\OneDrive\Desktop\University\SCD\SCD_P\app\actions-runner\bin'
[2025-05-13 12:29:00Z INFO HostContext] Well known directory 'Root': 'C:\Users\hasee\OneDrive\Desktop\University\SCD\SCD_P\app\actions-runner'
[2025-05-13 12:29:00Z INFO HostContext] Well known config file 'RSACredentials': 'C:\Users\hasee\OneDrive\Desktop\University\SCD\SCD_P\app\actions-runner\.credentials_rsaparams'
[2025-05-13 12:29:00Z INFO RSAEncryptedFileKeyManager] Loading RSA key parameters from file C:\Users\hasee\OneDrive\Desktop\University\SCD\SCD_P\app\actions-runner\.credentials_rsaparams
[2025-05-13 12:29:00Z INFO MessageListener] Attempt to create session.
[2025-05-13 12:29:00Z INFO MessageListener] Connecting to the Runner Server...
[2025-05-13 12:29:00Z INFO RunnerServer] EstablishVssConnection
[2025-05-13 12:29:00Z INFO RunnerServer] Establish connection with 100 seconds timeout.
[2025-05-13 12:29:01Z INFO GitHubActionsService] Starting operation Location.GetConnectionData
[2025-05-13 12:29:01Z INFO RunnerServer] EstablishVssConnection
[2025-05-13 12:29:01Z INFO RunnerServer] Establish connection with 60 seconds timeout.
[2025-05-13 12:29:01Z INFO GitHubActionsService] Starting operation Location.GetConnectionData
[2025-05-13 12:29:01Z INFO RunnerServer] EstablishVssConnection
[2025-05-13 12:29:01Z INFO RunnerServer] Establish connection with 60 seconds timeout.
[2025-05-13 12:29:01Z INFO GitHubActionsService] Starting operation Location.GetConnectionData
[2025-05-13 12:29:02Z INFO GitHubActionsService] Finished operation Location.GetConnectionData
[2025-05-13 12:29:02Z INFO GitHubActionsService] Finished operation Location.GetConnectionData
[2025-05-13 12:29:02Z INFO GitHubActionsService] Finished operation Location.GetConnectionData
[2025-05-13 12:29:02Z INFO MessageListener] VssConnection created
[2025-05-13 12:29:02Z INFO Terminal] WRITE LINE: 
[2025-05-13 12:29:02Z INFO Terminal] WRITE LINE: 
[2025-05-13 12:29:02Z INFO RSAEncryptedFileKeyManager] Loading RSA key parameters from file C:\Users\hasee\OneDrive\Desktop\University\SCD\SCD_P\app\actions-runner\.credentials_rsaparams
[2025-05-13 12:29:02Z INFO RSAEncryptedFileKeyManager] Loading RSA key parameters from file C:\Users\hasee\OneDrive\Desktop\University\SCD\SCD_P\app\actions-runner\.credentials_rsaparams
[2025-05-13 12:29:03Z INFO GitHubActionsService] AAD Correlation ID for this token request: Unknown
[2025-05-13 12:29:03Z INFO MessageListener] Session created.
[2025-05-13 12:29:03Z INFO Terminal] WRITE LINE: Current runner version: '2.323.0'
[2025-05-13 12:29:03Z INFO Terminal] WRITE LINE: 2025-05-13 12:29:03Z: Listening for Jobs
[2025-05-13 12:29:03Z INFO JobDispatcher] Set runner/worker IPC timeout to 30 seconds.
[2025-05-13 12:29:03Z INFO RSAEncryptedFileKeyManager] Loading RSA key parameters from file C:\Users\hasee\OneDrive\Desktop\University\SCD\SCD_P\app\actions-runner\.credentials_rsaparams
[2025-05-13 12:29:04Z INFO GitHubActionsService] AAD Correlation ID for this token request: Unknown
[2025-05-13 12:29:05Z INFO MessageListener] Message '4559870524326668321' received from session 'd0595983-b54e-4a9d-8c75-c985d004aa06'.
[2025-05-13 12:29:05Z INFO ConfigurationStore] HasCredentials()
[2025-05-13 12:29:05Z INFO ConfigurationStore] stored True
[2025-05-13 12:29:05Z INFO CredentialManager] GetCredentialProvider
[2025-05-13 12:29:05Z INFO CredentialManager] Creating type OAuth
[2025-05-13 12:29:05Z INFO CredentialManager] Creating credential type: OAuth
[2025-05-13 12:29:05Z INFO RSAEncryptedFileKeyManager] Loading RSA key parameters from file C:\Users\hasee\OneDrive\Desktop\University\SCD\SCD_P\app\actions-runner\.credentials_rsaparams
[2025-05-13 12:29:05Z INFO RSAEncryptedFileKeyManager] Loading RSA key parameters from file C:\Users\hasee\OneDrive\Desktop\University\SCD\SCD_P\app\actions-runner\.credentials_rsaparams
[2025-05-13 12:29:05Z INFO RSAEncryptedFileKeyManager] Loading RSA key parameters from file C:\Users\hasee\OneDrive\Desktop\University\SCD\SCD_P\app\actions-runner\.credentials_rsaparams
[2025-05-13 12:29:06Z INFO GitHubActionsService] AAD Correlation ID for this token request: Unknown
[2025-05-13 12:29:07Z INFO JobDispatcher] Job request 0 for plan 9388d34d-7d00-46d0-83e3-9a7928e24235 job 8dc61248-8f41-51dd-ac09-1f88b7db0147 received.
[2025-05-13 12:29:07Z INFO MessageListener] Received job status event. JobState: Busy
[2025-05-13 12:29:07Z INFO MessageListener] _getMessagesTokenSource is already disposed.
[2025-05-13 12:29:07Z INFO Terminal] WRITE LINE: 2025-05-13 12:29:07Z: Running job: build-deploy
[2025-05-13 12:29:07Z INFO JobDispatcher] Start renew job request 0 for job 8dc61248-8f41-51dd-ac09-1f88b7db0147.
[2025-05-13 12:29:08Z INFO JobDispatcher] Successfully renew job 8dc61248-8f41-51dd-ac09-1f88b7db0147, job is valid till 13/05/2025 12:39:09 pm
[2025-05-13 12:29:08Z INFO HostContext] Well known directory 'Bin': 'C:\Users\hasee\OneDrive\Desktop\University\SCD\SCD_P\app\actions-runner\bin'
[2025-05-13 12:29:08Z INFO ProcessInvokerWrapper] Starting process:
[2025-05-13 12:29:08Z INFO ProcessInvokerWrapper]   File name: 'C:\Users\hasee\OneDrive\Desktop\University\SCD\SCD_P\app\actions-runner\bin\Runner.Worker.exe'
[2025-05-13 12:29:08Z INFO ProcessInvokerWrapper]   Arguments: 'spawnclient 2300 2312'
[2025-05-13 12:29:08Z INFO ProcessInvokerWrapper]   Working directory: 'C:\Users\hasee\OneDrive\Desktop\University\SCD\SCD_P\app\actions-runner\bin'
[2025-05-13 12:29:08Z INFO ProcessInvokerWrapper]   Require exit code zero: 'False'
[2025-05-13 12:29:08Z INFO ProcessInvokerWrapper]   Encoding web name:  ; code page: ''
[2025-05-13 12:29:08Z INFO ProcessInvokerWrapper]   Force kill process on cancellation: 'True'
[2025-05-13 12:29:08Z INFO ProcessInvokerWrapper]   Redirected STDIN: 'False'
[2025-05-13 12:29:08Z INFO ProcessInvokerWrapper]   Persist current code page: 'False'
[2025-05-13 12:29:08Z INFO ProcessInvokerWrapper]   Keep redirected STDIN open: 'False'
[2025-05-13 12:29:08Z INFO ProcessInvokerWrapper]   High priority process: 'True'
[2025-05-13 12:29:08Z INFO ProcessInvokerWrapper] Process started with process id 177848, waiting for process exit.
[2025-05-13 12:29:08Z INFO JobDispatcher] Send job request message to worker for job 8dc61248-8f41-51dd-ac09-1f88b7db0147.
[2025-05-13 12:29:08Z INFO ProcessChannel] Sending message of length 21824, with hash '7b7f7c3f3e5221fc510d0f513bd2abe8dbf75f43ab02337f193b888d2ed28fd2'
[2025-05-13 12:29:08Z INFO JobNotification] Entering JobStarted Notification
[2025-05-13 12:29:08Z INFO JobNotification] Entering StartMonitor
[2025-05-13 12:29:43Z INFO ProcessInvokerWrapper] STDOUT/STDERR stream read finished.
[2025-05-13 12:29:43Z INFO ProcessInvokerWrapper] STDOUT/STDERR stream read finished.
[2025-05-13 12:29:43Z INFO ProcessInvokerWrapper] Finished process 177848 with exit code 102, and elapsed time 00:00:34.5983667.
[2025-05-13 12:29:43Z INFO JobDispatcher] Worker finished for job 8dc61248-8f41-51dd-ac09-1f88b7db0147. Code: 102
[2025-05-13 12:29:43Z INFO JobDispatcher] finish job request for job 8dc61248-8f41-51dd-ac09-1f88b7db0147 with result: Failed
[2025-05-13 12:29:43Z INFO Terminal] WRITE LINE: 2025-05-13 12:29:43Z: Job build-deploy completed with result: Failed
[2025-05-13 12:29:43Z INFO JobDispatcher] Stop renew job request for job 8dc61248-8f41-51dd-ac09-1f88b7db0147.
[2025-05-13 12:29:43Z INFO JobDispatcher] job renew has been cancelled, stop renew job 8dc61248-8f41-51dd-ac09-1f88b7db0147.
[2025-05-13 12:29:43Z INFO JobNotification] Entering JobCompleted Notification
[2025-05-13 12:29:43Z INFO JobNotification] Entering EndMonitor
[2025-05-13 12:29:43Z INFO MessageListener] Received job status event. JobState: Online
[2025-05-13 12:30:17Z INFO MessageListener] Message '7802098848106806482' received from session 'd0595983-b54e-4a9d-8c75-c985d004aa06'.
[2025-05-13 12:30:17Z INFO ConfigurationStore] HasCredentials()
[2025-05-13 12:30:17Z INFO ConfigurationStore] stored True
[2025-05-13 12:30:17Z INFO CredentialManager] GetCredentialProvider
[2025-05-13 12:30:17Z INFO CredentialManager] Creating type OAuth
[2025-05-13 12:30:17Z INFO CredentialManager] Creating credential type: OAuth
[2025-05-13 12:30:17Z INFO RSAEncryptedFileKeyManager] Loading RSA key parameters from file C:\Users\hasee\OneDrive\Desktop\University\SCD\SCD_P\app\actions-runner\.credentials_rsaparams
[2025-05-13 12:30:17Z INFO RSAEncryptedFileKeyManager] Loading RSA key parameters from file C:\Users\hasee\OneDrive\Desktop\University\SCD\SCD_P\app\actions-runner\.credentials_rsaparams
[2025-05-13 12:30:17Z INFO RSAEncryptedFileKeyManager] Loading RSA key parameters from file C:\Users\hasee\OneDrive\Desktop\University\SCD\SCD_P\app\actions-runner\.credentials_rsaparams
[2025-05-13 12:30:18Z INFO GitHubActionsService] AAD Correlation ID for this token request: Unknown
[2025-05-13 12:30:19Z INFO JobDispatcher] Job request 0 for plan 13006a7c-e625-44e8-bc6f-36fc35ec8136 job 226a5427-a560-5581-8dd7-0b339ba6cc1d received.
[2025-05-13 12:30:19Z INFO MessageListener] Received job status event. JobState: Busy
[2025-05-13 12:30:19Z INFO MessageListener] _getMessagesTokenSource is already disposed.
[2025-05-13 12:30:19Z INFO JobDispatcher] Job request 8dc61248-8f41-51dd-ac09-1f88b7db0147 processed succeed.
[2025-05-13 12:30:19Z INFO Terminal] WRITE LINE: 2025-05-13 12:30:19Z: Running job: build-deploy
[2025-05-13 12:30:19Z INFO JobDispatcher] Start renew job request 0 for job 226a5427-a560-5581-8dd7-0b339ba6cc1d.
[2025-05-13 12:30:20Z INFO JobDispatcher] Successfully renew job 226a5427-a560-5581-8dd7-0b339ba6cc1d, job is valid till 13/05/2025 12:40:21 pm
[2025-05-13 12:30:20Z INFO HostContext] Well known directory 'Bin': 'C:\Users\hasee\OneDrive\Desktop\University\SCD\SCD_P\app\actions-runner\bin'
[2025-05-13 12:30:20Z INFO ProcessInvokerWrapper] Starting process:
[2025-05-13 12:30:20Z INFO ProcessInvokerWrapper]   File name: 'C:\Users\hasee\OneDrive\Desktop\University\SCD\SCD_P\app\actions-runner\bin\Runner.Worker.exe'
[2025-05-13 12:30:20Z INFO ProcessInvokerWrapper]   Arguments: 'spawnclient 1776 2324'
[2025-05-13 12:30:20Z INFO ProcessInvokerWrapper]   Working directory: 'C:\Users\hasee\OneDrive\Desktop\University\SCD\SCD_P\app\actions-runner\bin'
[2025-05-13 12:30:20Z INFO ProcessInvokerWrapper]   Require exit code zero: 'False'
[2025-05-13 12:30:20Z INFO ProcessInvokerWrapper]   Encoding web name:  ; code page: ''
[2025-05-13 12:30:20Z INFO ProcessInvokerWrapper]   Force kill process on cancellation: 'True'
[2025-05-13 12:30:20Z INFO ProcessInvokerWrapper]   Redirected STDIN: 'False'
[2025-05-13 12:30:20Z INFO ProcessInvokerWrapper]   Persist current code page: 'False'
[2025-05-13 12:30:20Z INFO ProcessInvokerWrapper]   Keep redirected STDIN open: 'False'
[2025-05-13 12:30:20Z INFO ProcessInvokerWrapper]   High priority process: 'True'
[2025-05-13 12:30:20Z INFO ProcessInvokerWrapper] Process started with process id 176896, waiting for process exit.
[2025-05-13 12:30:20Z INFO JobDispatcher] Send job request message to worker for job 226a5427-a560-5581-8dd7-0b339ba6cc1d.
[2025-05-13 12:30:20Z INFO ProcessChannel] Sending message of length 21824, with hash '64fb2daa97064a5e13c9d5a8258716f990c2aa92c757dce48479f5c695636caf'
[2025-05-13 12:30:20Z INFO JobNotification] Entering JobStarted Notification
[2025-05-13 12:30:20Z INFO JobNotification] Entering StartMonitor
[2025-05-13 12:30:41Z INFO ProcessInvokerWrapper] STDOUT/STDERR stream read finished.
[2025-05-13 12:30:41Z INFO ProcessInvokerWrapper] STDOUT/STDERR stream read finished.
[2025-05-13 12:30:41Z INFO ProcessInvokerWrapper] Finished process 176896 with exit code 102, and elapsed time 00:00:21.2556471.
[2025-05-13 12:30:41Z INFO JobDispatcher] Worker finished for job 226a5427-a560-5581-8dd7-0b339ba6cc1d. Code: 102
[2025-05-13 12:30:41Z INFO JobDispatcher] finish job request for job 226a5427-a560-5581-8dd7-0b339ba6cc1d with result: Failed
[2025-05-13 12:30:41Z INFO Terminal] WRITE LINE: 2025-05-13 12:30:41Z: Job build-deploy completed with result: Failed
[2025-05-13 12:30:41Z INFO JobDispatcher] Stop renew job request for job 226a5427-a560-5581-8dd7-0b339ba6cc1d.
[2025-05-13 12:30:41Z INFO JobDispatcher] job renew has been cancelled, stop renew job 226a5427-a560-5581-8dd7-0b339ba6cc1d.
[2025-05-13 12:30:41Z INFO JobNotification] Entering JobCompleted Notification
[2025-05-13 12:30:41Z INFO JobNotification] Entering EndMonitor
[2025-05-13 12:30:41Z INFO MessageListener] Received job status event. JobState: Online
[2025-05-13 12:32:11Z INFO Terminal] WRITE LINE: Exiting...
[2025-05-13 12:32:11Z INFO ConfigurationStore] IsServiceConfigured()
[2025-05-13 12:32:11Z INFO ConfigurationStore] IsServiceConfigured: False
[2025-05-13 12:32:11Z INFO HostContext] Runner will be shutdown for UserCancelled
[2025-05-13 12:32:11Z WARN GitHubActionsService] GET request to https://broker.actions.githubusercontent.com/message?sessionId=d0595983-b54e-4a9d-8c75-c985d004aa06&status=Online&runnerVersion=2.323.0&os=Windows&architecture=X64&disableUpdate=false has been cancelled.
[2025-05-13 12:32:11Z ERR  BrokerServer] Catch exception during request
[2025-05-13 12:32:11Z ERR  BrokerServer] System.Threading.Tasks.TaskCanceledException: The operation was canceled.
 ---> System.Threading.Tasks.TaskCanceledException: The operation was canceled.
 ---> System.IO.IOException: Unable to read data from the transport connection: The I/O operation has been aborted because of either a thread exit or an application request..
 ---> System.Net.Sockets.SocketException (995): The I/O operation has been aborted because of either a thread exit or an application request.
   --- End of inner exception stack trace ---
   at System.Net.Sockets.Socket.AwaitableSocketAsyncEventArgs.ThrowException(SocketError error, CancellationToken cancellationToken)
   at System.Net.Sockets.Socket.AwaitableSocketAsyncEventArgs.System.Threading.Tasks.Sources.IValueTaskSource<System.Int32>.GetResult(Int16 token)
   at System.Net.Security.SslStream.EnsureFullTlsFrameAsync[TIOAdapter](CancellationToken cancellationToken, Int32 estimatedSize)
   at System.Runtime.CompilerServices.PoolingAsyncValueTaskMethodBuilder`1.StateMachineBox`1.System.Threading.Tasks.Sources.IValueTaskSource<TResult>.GetResult(Int16 token)
   at System.Net.Security.SslStream.ReadAsyncInternal[TIOAdapter](Memory`1 buffer, CancellationToken cancellationToken)
   at System.Runtime.CompilerServices.PoolingAsyncValueTaskMethodBuilder`1.StateMachineBox`1.System.Threading.Tasks.Sources.IValueTaskSource<TResult>.GetResult(Int16 token)
   at System.Net.Http.HttpConnection.SendAsync(HttpRequestMessage request, Boolean async, CancellationToken cancellationToken)
   --- End of inner exception stack trace ---
   at System.Net.Http.HttpConnection.SendAsync(HttpRequestMessage request, Boolean async, CancellationToken cancellationToken)
   at System.Net.Http.AuthenticationHelper.SendWithNtAuthAsync(HttpRequestMessage request, Uri authUri, Boolean async, ICredentials credentials, Boolean isProxyAuth, HttpConnection connection, HttpConnectionPool connectionPool, CancellationToken cancellationToken)
   at System.Net.Http.HttpConnectionPool.SendWithVersionDetectionAndRetryAsync(HttpRequestMessage request, Boolean async, Boolean doRequestAuth, CancellationToken cancellationToken)
   at System.Net.Http.AuthenticationHelper.SendWithAuthAsync(HttpRequestMessage request, Uri authUri, Boolean async, ICredentials credentials, Boolean preAuthenticate, Boolean isProxyAuth, Boolean doRequestAuth, HttpConnectionPool pool, CancellationToken cancellationToken)
   at System.Net.Http.RedirectHandler.SendAsync(HttpRequestMessage request, Boolean async, CancellationToken cancellationToken)
   at GitHub.Services.Common.RawHttpMessageHandler.SendAsync(HttpRequestMessage request, CancellationToken cancellationToken)
   at GitHub.Services.Common.VssHttpRetryMessageHandler.SendAsync(HttpRequestMessage request, CancellationToken cancellationToken)
   at System.Net.Http.HttpClient.<SendAsync>g__Core|83_0(HttpRequestMessage request, HttpCompletionOption completionOption, CancellationTokenSource cts, Boolean disposeCts, CancellationTokenSource pendingRequestsCts, CancellationToken originalCancellationToken)
   --- End of inner exception stack trace ---
   at System.Net.Http.HttpClient.HandleFailure(Exception e, Boolean telemetryStarted, HttpResponseMessage response, CancellationTokenSource cts, CancellationToken cancellationToken, CancellationTokenSource pendingRequestsCts)
   at System.Net.Http.HttpClient.<SendAsync>g__Core|83_0(HttpRequestMessage request, HttpCompletionOption completionOption, CancellationTokenSource cts, Boolean disposeCts, CancellationTokenSource pendingRequestsCts, CancellationToken originalCancellationToken)
   at Sdk.WebApi.WebApi.RawHttpClientBase.SendAsync(HttpRequestMessage message, HttpCompletionOption completionOption, Object userState, CancellationToken cancellationToken)
   at Sdk.WebApi.WebApi.RawHttpClientBase.SendAsync[T](HttpRequestMessage message, Boolean readErrorBody, Object userState, CancellationToken cancellationToken)
   at Sdk.WebApi.WebApi.RawHttpClientBase.SendAsync[T](HttpMethod method, IEnumerable`1 additionalHeaders, Uri requestUri, HttpContent content, IEnumerable`1 queryParameters, Boolean readErrorBody, Object userState, CancellationToken cancellationToken)
   at GitHub.Actions.RunService.WebApi.BrokerHttpClient.GetRunnerMessageAsync(Nullable`1 sessionId, String runnerVersion, Nullable`1 status, String os, String architecture, Nullable`1 disableUpdate, CancellationToken cancellationToken)
   at GitHub.Runner.Common.BrokerServer.<>c__DisplayClass7_0.<<GetRunnerMessageAsync>b__0>d.MoveNext()
--- End of stack trace from previous location ---
   at GitHub.Runner.Common.RunnerService.RetryRequest[T](Func`1 func, CancellationToken cancellationToken, Int32 maxRetryAttemptsCount, Func`2 shouldRetry)
[2025-05-13 12:32:11Z ERR  BrokerServer] #####################################################
[2025-05-13 12:32:11Z ERR  BrokerServer] System.Threading.Tasks.TaskCanceledException: The operation was canceled.
 ---> System.IO.IOException: Unable to read data from the transport connection: The I/O operation has been aborted because of either a thread exit or an application request..
 ---> System.Net.Sockets.SocketException (995): The I/O operation has been aborted because of either a thread exit or an application request.
   --- End of inner exception stack trace ---
   at System.Net.Sockets.Socket.AwaitableSocketAsyncEventArgs.ThrowException(SocketError error, CancellationToken cancellationToken)
   at System.Net.Sockets.Socket.AwaitableSocketAsyncEventArgs.System.Threading.Tasks.Sources.IValueTaskSource<System.Int32>.GetResult(Int16 token)
   at System.Net.Security.SslStream.EnsureFullTlsFrameAsync[TIOAdapter](CancellationToken cancellationToken, Int32 estimatedSize)
   at System.Runtime.CompilerServices.PoolingAsyncValueTaskMethodBuilder`1.StateMachineBox`1.System.Threading.Tasks.Sources.IValueTaskSource<TResult>.GetResult(Int16 token)
   at System.Net.Security.SslStream.ReadAsyncInternal[TIOAdapter](Memory`1 buffer, CancellationToken cancellationToken)
   at System.Runtime.CompilerServices.PoolingAsyncValueTaskMethodBuilder`1.StateMachineBox`1.System.Threading.Tasks.Sources.IValueTaskSource<TResult>.GetResult(Int16 token)
   at System.Net.Http.HttpConnection.SendAsync(HttpRequestMessage request, Boolean async, CancellationToken cancellationToken)
   --- End of inner exception stack trace ---
   at System.Net.Http.HttpConnection.SendAsync(HttpRequestMessage request, Boolean async, CancellationToken cancellationToken)
   at System.Net.Http.AuthenticationHelper.SendWithNtAuthAsync(HttpRequestMessage request, Uri authUri, Boolean async, ICredentials credentials, Boolean isProxyAuth, HttpConnection connection, HttpConnectionPool connectionPool, CancellationToken cancellationToken)
   at System.Net.Http.HttpConnectionPool.SendWithVersionDetectionAndRetryAsync(HttpRequestMessage request, Boolean async, Boolean doRequestAuth, CancellationToken cancellationToken)
   at System.Net.Http.AuthenticationHelper.SendWithAuthAsync(HttpRequestMessage request, Uri authUri, Boolean async, ICredentials credentials, Boolean preAuthenticate, Boolean isProxyAuth, Boolean doRequestAuth, HttpConnectionPool pool, CancellationToken cancellationToken)
   at System.Net.Http.RedirectHandler.SendAsync(HttpRequestMessage request, Boolean async, CancellationToken cancellationToken)
   at GitHub.Services.Common.RawHttpMessageHandler.SendAsync(HttpRequestMessage request, CancellationToken cancellationToken)
   at GitHub.Services.Common.VssHttpRetryMessageHandler.SendAsync(HttpRequestMessage request, CancellationToken cancellationToken)
   at System.Net.Http.HttpClient.<SendAsync>g__Core|83_0(HttpRequestMessage request, HttpCompletionOption completionOption, CancellationTokenSource cts, Boolean disposeCts, CancellationTokenSource pendingRequestsCts, CancellationToken originalCancellationToken)
[2025-05-13 12:32:11Z ERR  BrokerServer] #####################################################
[2025-05-13 12:32:11Z ERR  BrokerServer] System.IO.IOException: Unable to read data from the transport connection: The I/O operation has been aborted because of either a thread exit or an application request..
 ---> System.Net.Sockets.SocketException (995): The I/O operation has been aborted because of either a thread exit or an application request.
   --- End of inner exception stack trace ---
   at System.Net.Sockets.Socket.AwaitableSocketAsyncEventArgs.ThrowException(SocketError error, CancellationToken cancellationToken)
   at System.Net.Sockets.Socket.AwaitableSocketAsyncEventArgs.System.Threading.Tasks.Sources.IValueTaskSource<System.Int32>.GetResult(Int16 token)
   at System.Net.Security.SslStream.EnsureFullTlsFrameAsync[TIOAdapter](CancellationToken cancellationToken, Int32 estimatedSize)
   at System.Runtime.CompilerServices.PoolingAsyncValueTaskMethodBuilder`1.StateMachineBox`1.System.Threading.Tasks.Sources.IValueTaskSource<TResult>.GetResult(Int16 token)
   at System.Net.Security.SslStream.ReadAsyncInternal[TIOAdapter](Memory`1 buffer, CancellationToken cancellationToken)
   at System.Runtime.CompilerServices.PoolingAsyncValueTaskMethodBuilder`1.StateMachineBox`1.System.Threading.Tasks.Sources.IValueTaskSource<TResult>.GetResult(Int16 token)
   at System.Net.Http.HttpConnection.SendAsync(HttpRequestMessage request, Boolean async, CancellationToken cancellationToken)
[2025-05-13 12:32:11Z ERR  BrokerServer] #####################################################
[2025-05-13 12:32:11Z ERR  BrokerServer] System.Net.Sockets.SocketException (995): The I/O operation has been aborted because of either a thread exit or an application request.
[2025-05-13 12:32:11Z WARN BrokerServer] Back off 7.646 seconds before next retry. 4 attempt left.
[2025-05-13 12:32:11Z INFO MessageListener] Get next message has been cancelled.
[2025-05-13 12:32:11Z INFO JobDispatcher] Shutting down JobDispatcher. Make sure all WorkerDispatcher has finished.
[2025-05-13 12:32:11Z INFO JobDispatcher] Ensure WorkerDispatcher for job 226a5427-a560-5581-8dd7-0b339ba6cc1d run to finish, cancel any running job.
[2025-05-13 12:32:11Z INFO JobDispatcher] Job request 226a5427-a560-5581-8dd7-0b339ba6cc1d processed succeed.
[2025-05-13 12:32:11Z INFO Runner] Deleting Runner Session...
[2025-05-13 12:32:12Z INFO Listener] Runner execution been cancelled.
